============================= test session starts =============================
platform win32 -- Python 3.13.5, pytest-9.1.1, pluggy-1.6.0 -- <tmp>
cachedir: .pytest_cache
rootdir: <tmp>
collecting ... collected 5 items

test_shipping.py::test_quote_single_parcel PASSED                        [ 20%]
test_shipping.py::test_quote_rejects_zero_weight PASSED                  [ 40%]
test_shipping.py::test_bulk_quote_sums_parcels PASSED                    [ 60%]
test_shipping.py::test_normalize_destination_collapses_whitespace PASSED [ 80%]
test_shipping.py::test_is_heavy_threshold PASSED                         [100%]

============================== 5 passed in <d> ==============================
