[1m============================= test session starts =============================[0m
platform win32 -- Python 3.13.5, pytest-9.1.1, pluggy-1.6.0 -- C:\Users\alice\AppData\Local\Temp\claude\C--Users-alice-Documents-Programming-Projects-qompack\9ca304cd-aa51-4d71-8c50-de6e43bc96d8\scratchpad\pyproj\.venv\Scripts\python.exe
cachedir: .pytest_cache
rootdir: C:\Users\alice\AppData\Local\Temp\claude\C--Users-alice-Documents-Programming-Projects-qompack\9ca304cd-aa51-4d71-8c50-de6e43bc96d8\scratchpad\pyproj
[1mcollecting ... [0mcollected 5 items

test_shipping.py::test_quote_single_parcel [32mPASSED[0m[32m                        [ 20%][0m
test_shipping.py::test_quote_rejects_zero_weight [32mPASSED[0m[32m                  [ 40%][0m
test_shipping.py::test_bulk_quote_sums_parcels [32mPASSED[0m[32m                    [ 60%][0m
test_shipping.py::test_normalize_destination_collapses_whitespace [32mPASSED[0m[32m [ 80%][0m
test_shipping.py::test_is_heavy_threshold [32mPASSED[0m[32m                         [100%][0m

[32m============================== [32m[1m5 passed[0m[32m in 0.04s[0m[32m ==============================[0m
